[    0.000000] Linux version 4.15.0-173-generic (buildd@lcy02-amd64-094) (gcc version 7.5.0 (Ubuntu 7.5.0-3ubuntu1~18.04)) #182-Ubuntu SMP Fri Mar 18 15:53:46 UTC 2022 (Ubuntu 4.15.0-173.182-generic 4.15.18)
[    0.000000] Command line: BOOT_IMAGE=/boot/vmlinuz-4.15.0-173-generic root=LABEL=cloudimg-rootfs ro console=tty1 console=ttyS0
[    0.000000] KERNEL supported cpus:
[    0.000000]   Intel GenuineIntel
[    0.000000]   AMD AuthenticAMD
[    0.000000]   Centaur CentaurHauls
[    0.000000] x86/fpu: Supporting XSAVE feature 0x001: 'x87 floating point registers'
[    0.000000] x86/fpu: Supporting XSAVE feature 0x002: 'SSE registers'
[    0.000000] x86/fpu: Supporting XSAVE feature 0x004: 'AVX registers'
[    0.000000] x86/fpu: xstate_offset[2]:  576, xstate_sizes[2]:  256
[    0.000000] x86/fpu: Enabled xstate features 0x7, context size is 832 bytes, using 'standard' format.
[    0.000000] e820: BIOS-provided physical RAM map:
[    0.000000] BIOS-e820: [mem 0x0000000000000000-0x000000000009fbff] usable
[    0.000000] BIOS-e820: [mem 0x000000000009fc00-0x000000000009ffff] reserved
[    0.000000] BIOS-e820: [mem 0x00000000000f0000-0x00000000000fffff] reserved
[    0.000000] BIOS-e820: [mem 0x0000000000100000-0x000000003ffeffff] usable
[    0.000000] BIOS-e820: [mem 0x000000003fff0000-0x000000003fffffff] ACPI data
[    0.000000] BIOS-e820: [mem 0x00000000fec00000-0x00000000fec00fff] reserved
[    0.000000] BIOS-e820: [mem 0x00000000fee00000-0x00000000fee00fff] reserved
[    0.000000] BIOS-e820: [mem 0x00000000fffc0000-0x00000000ffffffff] reserved
[    0.000000] NX (Execute Disable) protection: active
[    0.000000] SMBIOS 2.5 present.
[    0.000000] DMI: innotek GmbH VirtualBox/VirtualBox, BIOS VirtualBox 12/01/2006
[    0.000000] Hypervisor detected: KVM
[    0.000000] e820: last_pfn = 0x3fff0 max_arch_pfn = 0x400000000
[    0.000000] MTRR: Disabled
[    0.000000] x86/PAT: MTRRs disabled, skipping PAT initialization too.
[    0.000000] CPU MTRRs all blank - virtualized system.
[    0.000000] x86/PAT: Configuration [0-7]: WB  WT  UC- UC  WB  WT  UC- UC  
[    0.000000] found SMP MP-table at [mem 0x0009fff0-0x0009ffff]
[    0.000000] Scanning 1 areas for low memory corruption
[    0.000000] RAMDISK: [mem 0x359cb000-0x36cdcfff]
[    0.000000] ACPI: Early table checksum verification disabled
[    0.000000] ACPI: RSDP 0x00000000000E0000 000024 (v02 VBOX  )
[    0.000000] ACPI: XSDT 0x000000003FFF0030 00003C (v01 VBOX   VBOXXSDT 00000001 ASL  00000061)
[    0.000000] ACPI: FACP 0x000000003FFF00F0 0000F4 (v04 VBOX   VBOXFACP 00000001 ASL  00000061)
[    0.000000] ACPI: DSDT 0x000000003FFF0470 002325 (v02 VBOX   VBOXBIOS 00000002 INTL 20100528)
[    0.000000] ACPI: FACS 0x000000003FFF0200 000040
[    0.000000] ACPI: FACS 0x000000003FFF0200 000040
[    0.000000] ACPI: APIC 0x000000003FFF0240 00005C (v02 VBOX   VBOXAPIC 00000001 ASL  00000061)
[    0.000000] ACPI: SSDT 0x000000003FFF02A0 0001CC (v01 VBOX   VBOXCPUT 00000002 INTL 20100528)
[    0.000000] ACPI: Reserving FACP table memory at [mem 0x3fff00f0-0x3fff01e3]
[    0.000000] ACPI: Reserving DSDT table memory at [mem 0x3fff0470-0x3fff2794]
[    0.000000] ACPI: Reserving FACS table memory at [mem 0x3fff0200-0x3fff023f]
[    0.000000] ACPI: Reserving FACS table memory at [mem 0x3fff0200-0x3fff023f]
[    0.000000] ACPI: Reserving APIC table memory at [mem 0x3fff0240-0x3fff029b]
[    0.000000] ACPI: Reserving SSDT table memory at [mem 0x3fff02a0-0x3fff046b]
[    0.000000] No NUMA configuration found
[    0.000000] Faking a node at [mem 0x0000000000000000-0x000000003ffeffff]
[    0.000000] NODE_DATA(0) allocated [mem 0x3ffc5000-0x3ffeffff]
[    0.000000] kvm-clock: cpu 0, msr 0:3ff44001, primary cpu clock
[    0.000000] kvm-clock: Using msrs 4b564d01 and 4b564d00
[    0.000000] kvm-clock: using sched offset of 5011438007 cycles
[    0.000000] clocksource: kvm-clock: mask: 0xffffffffffffffff max_cycles: 0x1cd42e4dffb, max_idle_ns: 881590591483 ns
[    0.000000] Zone ranges:
[    0.000000]   DMA      [mem 0x0000000000001000-0x0000000000ffffff]
[    0.000000]   DMA32    [mem 0x0000000001000000-0x000000003ffeffff]
[    0.000000]   Normal   empty
[    0.000000]   Device   empty
[    0.000000] Movable zone start for each node
[    0.000000] Early memory node ranges
[    0.000000]   node   0: [mem 0x0000000000001000-0x000000000009efff]
[    0.000000]   node   0: [mem 0x0000000000100000-0x000000003ffeffff]
[    0.000000] Reserved but unavailable: 104 pages
[    0.000000] Initmem setup node 0 [mem 0x0000000000001000-0x000000003ffeffff]
[    0.000000] ACPI: PM-Timer IO Port: 0x4008
[    0.000000] IOAPIC[0]: apic_id 2, version 32, address 0xfec00000, GSI 0-23
[    0.000000] ACPI: INT_SRC_OVR (bus 0 bus_irq 0 global_irq 2 dfl dfl)
[    0.000000] ACPI: INT_SRC_OVR (bus 0 bus_irq 9 global_irq 9 low level)
[    0.000000] Using ACPI (MADT) for SMP configuration information
[    0.000000] smpboot: Allowing 2 CPUs, 0 hotplug CPUs
[    0.000000] PM: Registered nosave memory: [mem 0x00000000-0x00000fff]
[    0.000000] PM: Registered nosave memory: [mem 0x0009f000-0x0009ffff]
[    0.000000] PM: Registered nosave memory: [mem 0x000a0000-0x000effff]
[    0.000000] PM: Registered nosave memory: [mem 0x000f0000-0x000fffff]
[    0.000000] e820: [mem 0x40000000-0xfebfffff] available for PCI devices
[    0.000000] Booting paravirtualized kernel on KVM
[    0.000000] clocksource: refined-jiffies: mask: 0xffffffff max_cycles: 0xffffffff, max_idle_ns: 7645519600211568 ns
[    0.000000] random: get_random_bytes called from start_kernel+0x99/0x500 with crng_init=0
[    0.000000] setup_percpu: NR_CPUS:8192 nr_cpumask_bits:2 nr_cpu_ids:2 nr_node_ids:1
[    0.000000] percpu: Embedded 50 pages/cpu s167936 r8192 d28672 u1048576
[    0.000000] PV qspinlock hash table entries: 256 (order: 0, 4096 bytes)
[    0.000000] Built 1 zonelists, mobility grouping on.  Total pages: 257913
[    0.000000] Policy zone: DMA32
[    0.000000] Kernel command line: BOOT_IMAGE=/boot/vmlinuz-4.15.0-173-generic root=LABEL=cloudimg-rootfs ro console=tty1 console=ttyS0
[    0.000000] Memory: 982648K/1048120K available (12300K kernel code, 2484K rwdata, 4324K rodata, 2468K init, 2724K bss, 65472K reserved, 0K cma-reserved)
[    0.000000] SLUB: HWalign=64, Order=0-3, MinObjects=0, CPUs=2, Nodes=1
[    0.000000] Kernel/User page tables isolation: enabled
[    0.000000] ftrace: allocating 39503 entries in 155 pages
[    0.004000] Hierarchical RCU implementation.
[    0.004000] 	RCU restricting CPUs from NR_CPUS=8192 to nr_cpu_ids=2.
[    0.004000] 	Tasks RCU enabled.
[    0.004000] RCU: Adjusting geometry for rcu_fanout_leaf=16, nr_cpu_ids=2
[    0.004000] NR_IRQS: 524544, nr_irqs: 440, preallocated irqs: 16
[    0.004000] Console: colour VGA+ 80x25
[    0.004000] console [tty1] enabled
[    0.004000] console [ttyS0] enabled
[    0.004000] ACPI: Core revision 20170831
[    0.004000] ACPI: 2 ACPI AML tables successfully acquired and loaded
[    0.004000] APIC: Switch to symmetric I/O mode setup
[    0.004000] x2apic enabled
[    0.004000] Switched APIC routing to physical x2apic.
[    0.007937] ..TIMER: vector=0x30 apic1=0 pin1=2 apic2=-1 pin2=-1
[    0.008003] tsc: Detected 3300.000 MHz processor
[    0.012009] Calibrating delay loop (skipped) preset value.. 6600.00 BogoMIPS (lpj=13200000)
[    0.016005] pid_max: default: 32768 minimum: 301
[    0.017565] Security Framework initialized
[    0.020002] Yama: becoming mindful.
[    0.021354] AppArmor: AppArmor initialized
[    0.024744] Dentry cache hash table entries: 131072 (order: 8, 1048576 bytes)
[    0.027145] Inode-cache hash table entries: 65536 (order: 7, 524288 bytes)
[    0.028020] Mount-cache hash table entries: 2048 (order: 2, 16384 bytes)
[    0.030279] Mountpoint-cache hash table entries: 2048 (order: 2, 16384 bytes)
[    0.032465] Last level iTLB entries: 4KB 1024, 2MB 1024, 4MB 1024
[    0.036003] Last level dTLB entries: 4KB 1024, 2MB 1024, 4MB 1024, 1GB 4
[    0.040003] Spectre V1 : Mitigation: usercopy/swapgs barriers and __user pointer sanitization
[    0.044003] Spectre V2 : Mitigation: Retpolines
[    0.045687] Spectre V2 : Spectre v2 / SpectreRSB mitigation: Filling RSB on context switch
[    0.048002] Speculative Store Bypass: Vulnerable
[    0.049601] SRBDS: Unknown: Dependent on hypervisor status
[    0.052002] MDS: Mitigation: Clear CPU buffers
[    0.053915] Freeing SMP alternatives memory: 36K
[    0.167221] smpboot: CPU0: Intel(R) Core(TM) i5-4590 CPU @ 3.30GHz (family: 0x6, model: 0x3c, stepping: 0x3)
[    0.168000] Performance Events: unsupported p6 CPU model 60 no PMU driver, software events only.
[    0.168051] Hierarchical SRCU implementation.
[    0.172319] NMI watchdog: Perf event create on CPU 0 failed with -2
[    0.174327] NMI watchdog: Perf NMI watchdog permanently disabled
[    0.176076] smp: Bringing up secondary CPUs ...
[    0.177774] x86: Booting SMP configuration:
[    0.180002] .... node  #0, CPUs:      #1
[    0.004000] kvm-clock: cpu 1, msr 0:3ff44041, secondary cpu clock
[    0.184031] smp: Brought up 1 node, 2 CPUs
[    0.185659] smpboot: Max logical packages: 1
[    0.188006] smpboot: Total of 2 processors activated (13200.00 BogoMIPS)
[    0.190312] devtmpfs: initialized
[    0.192093] x86/mm: Memory block size: 128MB
[    0.194088] evm: security.selinux
[    0.195287] evm: security.SMACK64
[    0.196003] evm: security.SMACK64EXEC
[    0.197366] evm: security.SMACK64TRANSMUTE
[    0.200003] evm: security.SMACK64MMAP
[    0.201418] evm: security.apparmor
[    0.202669] evm: security.ima
[    0.204003] evm: security.capability
[    0.205311] clocksource: jiffies: mask: 0xffffffff max_cycles: 0xffffffff, max_idle_ns: 7645041785100000 ns
[    0.208015] futex hash table entries: 512 (order: 3, 32768 bytes)
[    0.210097] pinctrl core: initialized pinctrl subsystem
[    0.212617] RTC time: 21:07:24, date: 03/29/22
[    0.214539] NET: Registered protocol family 16
[    0.216272] audit: initializing netlink subsys (disabled)
[    0.218186] audit: type=2000 audit(1648588050.636:1): state=initialized audit_enabled=0 res=1
[    0.220025] cpuidle: using governor ladder
[    0.224008] cpuidle: using governor menu
[    0.225626] ACPI: bus type PCI registered
[    0.228003] acpiphp: ACPI Hot Plug PCI Controller Driver version: 0.5
[    0.230229] PCI: Using configuration type 1 for base access
[    0.234422] HugeTLB registered 2.00 MiB page size, pre-allocated 0 pages
[    0.236064] ACPI: Added _OSI(Module Device)
[    0.237427] ACPI: Added _OSI(Processor Device)
[    0.240007] ACPI: Added _OSI(3.0 _SCP Extensions)
[    0.241917] ACPI: Added _OSI(Processor Aggregator Device)
[    0.244019] ACPI: Added _OSI(Linux-Dell-Video)
[    0.245571] ACPI: Added _OSI(Linux-Lenovo-NV-HDMI-Audio)
[    0.247957] ACPI: Added _OSI(Linux-HPI-Hybrid-Graphics)
[    0.248572] ACPI: Executed 1 blocks of module-level executable AML code
[    0.265452] ACPI: Interpreter enabled
[    0.266740] ACPI: (supports S0 S5)
[    0.267894] ACPI: Using IOAPIC for interrupt routing
[    0.268793] PCI: Using host bridge windows from ACPI; if necessary, use "pci=nocrs" and report a bug
[    0.272425] ACPI: Enabled 2 GPEs in block 00 to 07
[    0.294583] ACPI: PCI Root Bridge [PCI0] (domain 0000 [bus 00-ff])
[    0.296011] acpi PNP0A03:00: _OSC: OS supports [ASPM ClockPM Segments MSI]
[    0.300429] acpi PNP0A03:00: _OSC: not requesting OS control; OS requires [ExtendedConfig ASPM ClockPM MSI]
[    0.303694] acpi PNP0A03:00: fail to add MMCONFIG information, can't access extended PCI configuration space under this bridge.
[    0.308101] PCI host bridge to bus 0000:00
[    0.309499] pci_bus 0000:00: root bus resource [io  0x0000-0x0cf7 window]
[    0.311586] pci_bus 0000:00: root bus resource [io  0x0d00-0xffff window]
[    0.312005] pci_bus 0000:00: root bus resource [mem 0x000a0000-0x000bffff window]
[    0.316005] pci_bus 0000:00: root bus resource [mem 0x40000000-0xfdffffff window]
[    0.320004] pci_bus 0000:00: root bus resource [bus 00-ff]
[    0.326284] pci 0000:00:01.1: legacy IDE quirk: reg 0x10: [io  0x01f0-0x01f7]
[    0.328004] pci 0000:00:01.1: legacy IDE quirk: reg 0x14: [io  0x03f6]
[    0.330063] pci 0000:00:01.1: legacy IDE quirk: reg 0x18: [io  0x0170-0x0177]
[    0.332004] pci 0000:00:01.1: legacy IDE quirk: reg 0x1c: [io  0x0376]
[    0.349042] pci 0000:00:07.0: quirk: [io  0x4000-0x403f] claimed by PIIX4 ACPI
[    0.351591] pci 0000:00:07.0: quirk: [io  0x4100-0x410f] claimed by PIIX4 SMB
[    0.361250] ACPI: PCI Interrupt Link [LNKA] (IRQs 5 9 10 *11)
[    0.364024] ACPI: PCI Interrupt Link [LNKB] (IRQs 5 9 *10 11)
[    0.366287] ACPI: PCI Interrupt Link [LNKC] (IRQs 5 *9 10 11)
[    0.368271] ACPI: PCI Interrupt Link [LNKD] (IRQs 5 9 10 *11)
[    0.370663] SCSI subsystem initialized
[    0.372038] pci 0000:00:02.0: vgaarb: setting as boot VGA device
[    0.373951] pci 0000:00:02.0: vgaarb: VGA device added: decodes=io+mem,owns=io+mem,locks=none
[    0.376006] pci 0000:00:02.0: vgaarb: bridge control possible
[    0.377821] vgaarb: loaded
[    0.380036] ACPI: bus type USB registered
[    0.381376] usbcore: registered new interface driver usbfs
[    0.383150] usbcore: registered new interface driver hub
[    0.384012] usbcore: registered new device driver usb
[    0.385763] EDAC MC: Ver: 3.0.0
[    0.388310] PCI: Using ACPI for IRQ routing
[    0.389827] NetLabel: Initializing
[    0.391034] NetLabel:  domain hash size = 128
[    0.392002] NetLabel:  protocols = UNLABELED CIPSOv4 CALIPSO
[    0.393874] NetLabel:  unlabeled traffic allowed by default
[    0.396077] clocksource: Switched to clocksource kvm-clock
[    0.426466] VFS: Disk quotas dquot_6.6.0
[    0.427939] VFS: Dquot-cache hash table entries: 512 (order 0, 4096 bytes)
[    0.430188] AppArmor: AppArmor Filesystem Enabled
[    0.431717] pnp: PnP ACPI init
[    0.435225] pnp: PnP ACPI: found 3 devices
[    0.444747] clocksource: acpi_pm: mask: 0xffffff max_cycles: 0xffffff, max_idle_ns: 2085701024 ns
[    0.447709] NET: Registered protocol family 2
[    0.449254] IP idents hash table entries: 16384 (order: 5, 131072 bytes)
[    0.452189] TCP established hash table entries: 8192 (order: 4, 65536 bytes)
[    0.454380] TCP bind hash table entries: 8192 (order: 5, 131072 bytes)
[    0.456584] TCP: Hash tables configured (established 8192 bind 8192)
[    0.458774] UDP hash table entries: 512 (order: 2, 16384 bytes)
[    0.460545] UDP-Lite hash table entries: 512 (order: 2, 16384 bytes)
[    0.462822] NET: Registered protocol family 1
[    0.464444] pci 0000:00:00.0: Limiting direct PCI/PCI transfers
[    0.466518] pci 0000:00:01.0: Activating ISA DMA hang workarounds
[    0.468625] pci 0000:00:02.0: Video device with shadowed ROM at [mem 0x000c0000-0x000dffff]
[    0.471613] Unpacking initramfs...
[    1.086129] Freeing initrd memory: 19528K
[    1.087788] clocksource: tsc: mask: 0xffffffffffffffff max_cycles: 0x2f914c51abd, max_idle_ns: 440795298667 ns
[    1.091626] platform rtc_cmos: registered platform RTC device (no PNP device found)
[    1.094244] Scanning for low memory corruption every 60 seconds
[    1.097101] Initialise system trusted keyrings
[    1.098740] Key type blacklist registered
[    1.103229] workingset: timestamp_bits=36 max_order=18 bucket_order=0
[    1.108021] zbud: loaded
[    1.109818] squashfs: version 4.0 (2009/01/31) Phillip Lougher
[    1.112162] fuse init (API version 7.26)
[    1.115867] Key type asymmetric registered
[    1.120502] Asymmetric key parser 'x509' registered
[    1.122253] Block layer SCSI generic (bsg) driver version 0.4 loaded (major 246)
[    1.124997] io scheduler noop registered
[    1.126573] io scheduler deadline registered
[    1.128182] io scheduler cfq registered (default)
[    1.130308] ACPI: AC Adapter [AC] (on-line)
[    1.134147] input: Power Button as /devices/LNXSYSTM:00/LNXPWRBN:00/input/input0
[    1.136915] ACPI: Power Button [PWRF]
[    1.138406] input: Sleep Button as /devices/LNXSYSTM:00/LNXSLPBN:00/input/input1
[    1.140999] ACPI: Sleep Button [SLPF]
[    1.142717] Serial: 8250/16550 driver, 32 ports, IRQ sharing enabled
[    1.166199] 00:02: ttyS0 at I/O 0x3f8 (irq = 4, base_baud = 115200) is a 16550A
[    1.171482] Linux agpgart interface v0.103
[    1.174455] loop: module loaded
[    1.176485] scsi host0: ata_piix
[    1.177846] scsi host1: ata_piix
[    1.179218] ata1: PATA max UDMA/33 cmd 0x1f0 ctl 0x3f6 bmdma 0xd000 irq 14
[    1.181587] ata2: PATA max UDMA/33 cmd 0x170 ctl 0x376 bmdma 0xd008 irq 15
[    1.184480] tun: Universal TUN/TAP device driver, 1.6
[    1.186236] PPP generic driver version 2.4.2
[    1.187766] ehci_hcd: USB 2.0 'Enhanced' Host Controller (EHCI) Driver
[    1.189911] ehci-pci: EHCI PCI platform driver
[    1.191421] ehci-platform: EHCI generic platform driver
[    1.193289] ohci_hcd: USB 1.1 'Open' Host Controller (OHCI) Driver
[    1.195273] ohci-pci: OHCI PCI platform driver
[    1.196878] ohci-platform: OHCI generic platform driver
[    1.198817] uhci_hcd: USB Universal Host Controller Interface driver
[    1.201141] i8042: PNP: PS/2 Controller [PNP0303:PS2K,PNP0f03:PS2M] at 0x60,0x64 irq 1,12
[    1.204814] serio: i8042 KBD port at 0x60,0x64 irq 1
[    1.206597] serio: i8042 AUX port at 0x60,0x64 irq 12
[    1.208473] mousedev: PS/2 mouse device common for all mice
[    1.211262] input: AT Translated Set 2 keyboard as /devices/platform/i8042/serio0/input/input2
[    1.214640] rtc_cmos rtc_cmos: rtc core: registered rtc_cmos as rtc0
[    1.216992] rtc_cmos rtc_cmos: alarms up to one day, 114 bytes nvram
[    1.218940] i2c /dev entries driver
[    1.220237] device-mapper: uevent: version 1.0.3
[    1.221940] device-mapper: ioctl: 4.37.0-ioctl (2017-09-20) initialised: dm-devel@redhat.com
[    1.224991] ledtrig-cpu: registered to indicate activity on CPUs
[    1.227522] NET: Registered protocol family 10
[    1.234000] Segment Routing with IPv6
[    1.235430] NET: Registered protocol family 17
[    1.237057] Key type dns_resolver registered
[    1.238866] mce: Using 0 MCE banks
[    1.240436] RAS: Correctable Errors collector initialized.
[    1.242337] sched_clock: Marking stable (1240409883, 0)->(1633081263, -392671380)
[    1.245705] registered taskstats version 1
[    1.247252] Loading compiled-in X.509 certificates
[    1.252039] Loaded X.509 cert 'Build time autogenerated kernel key: 70c562671a3916277fe5fdc18b24b613b7a6fbd0'
[    1.256662] Loaded X.509 cert 'Canonical Ltd. Live Patch Signing: 14df34d1a87cf37625abec039ef2bf521249b969'
[    1.260823] Loaded X.509 cert 'Canonical Ltd. Kernel Module Signing: 88f752e560a1e0737e31163a466ad7b70a850c19'
[    1.264452] blacklist: Loading compiled-in revocation X.509 certificates
[    1.269062] Loaded X.509 cert 'Canonical Ltd. Secure Boot Signing: 61482aa2830d0ab2ad5af10b7250da9033ddcef0'
[    1.272445] zswap: loaded using pool lzo/zbud
[    1.278933] Key type big_key registered
[    1.280273] Key type trusted registered
[    1.284269] Key type encrypted registered
[    1.285756] AppArmor: AppArmor sha1 policy hashing enabled
[    1.287692] ima: No TPM chip found, activating TPM-bypass! (rc=-19)
[    1.289873] ima: Allocated hash algorithm: sha1
[    1.291638] evm: HMAC attrs: 0x1
[    1.293193]   Magic number: 14:454:147
[    1.294533] pci 0000:00:14.0: hash matches
[    1.296164] rtc_cmos rtc_cmos: setting system clock to 2022-03-29 21:07:25 UTC (1648588045)
[    1.299244] BIOS EDD facility v0.16 2004-Jun-25, 0 devices found
[    1.301365] EDD information not available.
[    1.388492] Freeing unused kernel image memory: 2468K
[    1.396268] Write protecting the kernel read-only data: 20480k
[    1.399054] Freeing unused kernel image memory: 2008K
[    1.401046] Freeing unused kernel image memory: 1820K
[    1.428624] x86/mm: Checked W+X mappings: passed, no W+X pages found.
[    1.430762] x86/mm: Checking user space page tables
[    1.462492] x86/mm: Checked W+X mappings: passed, no W+X pages found.
Loading, please wait...
starting version 237
[    1.578233] Fusion MPT base driver 3.04.20
[    1.579822] Copyright (c) 1999-2008 LSI Corporation
[    1.593126] e1000: Intel(R) PRO/1000 Network Driver - version 7.3.21-k8-NAPI
[    1.595380] e1000: Copyright (c) 1999-2006 Intel Corporation.
[    1.601175] Fusion MPT SPI Host driver 3.04.20
[    1.657385] AVX2 version of gcm_enc/dec engaged.
[    1.659044] AES CTR mode by8 optimization enabled
[    1.794459] input: ImExPS/2 Generic Explorer Mouse as /devices/platform/i8042/serio1/input/input4
[    2.062001] e1000 0000:00:03.0 eth0: (PCI:33MHz:32-bit) 02:27:94:89:a7:22
[    2.064523] e1000 0000:00:03.0 eth0: Intel(R) PRO/1000 Network Connection
[    2.070079] e1000 0000:00:03.0 enp0s3: renamed from eth0
[    2.071998] mptbase: ioc0: Initiating bringup
[    2.177651] ioc0: LSI53C1030 A0: Capabilities={Initiator}
[    2.428462] scsi host2: ioc0: LSI53C1030 A0, FwRev=00000000h, Ports=1, MaxQ=256, IRQ=20
[    2.601546] scsi 2:0:0:0: Direct-Access     VBOX     HARDDISK         1.0  PQ: 0 ANSI: 5
[    2.655941] scsi target2:0:0: Beginning Domain Validation
[    2.662447] scsi target2:0:0: Domain Validation skipping write tests
[    2.669870] scsi target2:0:0: Ending Domain Validation
[    2.672775] scsi target2:0:0: asynchronous
[    2.675059] scsi 2:0:1:0: Direct-Access     VBOX     HARDDISK         1.0  PQ: 0 ANSI: 5
[    3.602880] scsi target2:0:1: Beginning Domain Validation
[    3.605980] random: fast init done
[    3.609526] scsi target2:0:1: Domain Validation skipping write tests
[    3.612007] scsi target2:0:1: Ending Domain Validation
[    3.614440] scsi target2:0:1: asynchronous
[    3.622603] random: systemd-udevd: uninitialized urandom read (16 bytes read)
[    3.625590] random: systemd-udevd: uninitialized urandom read (16 bytes read)
[    3.631870] sd 2:0:0:0: [sda] 83886080 512-byte logical blocks: (42.9 GB/40.0 GiB)
[    3.634736] sd 2:0:0:0: [sda] Write Protect is off
[    3.636556] sd 2:0:0:0: Attached scsi generic sg0 type 0
[    3.638398] sd 2:0:0:0: [sda] Incomplete mode parameter data
[    3.640611] sd 2:0:0:0: [sda] Assuming drive cache: write through
[    3.643075] random: systemd-udevd: uninitialized urandom read (16 bytes read)
[    3.645602] sd 2:0:1:0: Attached scsi generic sg1 type 0
[    3.647658] sd 2:0:1:0: [sdb] 20480 512-byte logical blocks: (10.5 MB/10.0 MiB)
[    3.650344] sd 2:0:1:0: [sdb] Write Protect is off
[    3.655298] sd 2:0:1:0: [sdb] Incomplete mode parameter data
[    3.656666]  sda: sda1
[    3.657459] sd 2:0:1:0: [sdb] Assuming drive cache: write through
[    3.659100] sd 2:0:0:0: [sda] Attached SCSI disk
[    3.689291] sd 2:0:1:0: [sdb] Attached SCSI disk
Begin: Loading essential drivers ... [    5.780032] raid6: sse2x1   gen()  2846 MB/s
[    5.828105] raid6: sse2x1   xor()  1828 MB/s
[    5.876115] raid6: sse2x2   gen()  6086 MB/s
[    5.924098] raid6: sse2x2   xor()  2828 MB/s
[    5.972092] raid6: sse2x4   gen()  6988 MB/s
[    6.020113] raid6: sse2x4   xor()  4215 MB/s
[    6.068029] raid6: avx2x1   gen()  6047 MB/s
[    6.116066] raid6: avx2x1   xor()  3093 MB/s
[    6.164112] raid6: avx2x2   gen() 10902 MB/s
[    6.212134] raid6: avx2x2   xor()  5940 MB/s
[    6.260099] raid6: avx2x4   gen() 14552 MB/s
[    6.308070] raid6: avx2x4   xor()  8415 MB/s
[    6.309676] raid6: using algorithm avx2x4 gen() 14552 MB/s
[    6.311591] raid6: .... xor() 8415 MB/s, rmw enabled
[    6.314243] raid6: using avx2x2 recovery algorithm
[    6.318119] xor: automatically using best checksumming function   avx       
[    6.322289] async_tx: api initialized (async)
done.
Begin: Running /scripts/init-premount ... done.
Begin: Mounting root file system ... Begin: Running /scripts/local-top ... done.
Begin: Running /scripts/local-premount ... [    6.414810] Btrfs loaded, crc32c=crc32c-intel
Scanning for Btrfs filesystems
done.
Warning: fsck not present, so skipping root file system
[    6.483247] EXT4-fs (sda1): mounted filesystem with ordered data mode. Opts: (null)
done.
Begin: Running /scripts/local-bottom ... done.
Begin: Running /scripts/init-bottom ... done.
[    7.474917] ip_tables: (C) 2000-2006 Netfilter Core Team
[    7.514894] systemd[1]: systemd 237 running in system mode. (+PAM +AUDIT +SELINUX +IMA +APPARMOR +SMACK +SYSVINIT +UTMP +LIBCRYPTSETUP +GCRYPT +GNUTLS +ACL +XZ +LZ4 +SECCOMP +BLKID +ELFUTILS +KMOD -IDN2 +IDN -PCRE2 default-hierarchy=hybrid)
[    7.527138] systemd[1]: Detected virtualization oracle.
[    7.530408] systemd[1]: Detected architecture x86-64.

Welcome to [1mUbuntu 18.04.6 LTS[0m!

[    7.568399] systemd[1]: Set hostname to <ubuntu>.
[    7.580616] systemd[1]: Initializing machine ID from random generator.
[    7.584622] systemd[1]: Installed transient /etc/machine-id file.
[    8.384903] random: crng init done
[    8.388908] random: 7 urandom warning(s) missed due to ratelimiting
[    8.816123] systemd[1]: Started Forward Password Requests to Wall Directory Watch.
[[0;32m  OK  [0m] Started Forward Password Requests to Wall Directory Watch.
[    8.824419] systemd[1]: Created slice User and Session Slice.
[[0;32m  OK  [0m] Created slice User and Session Slice.
[    8.827966] systemd[1]: Set up automount Arbitrary Executable File Formats File System Automount Point.
[[0;32m  OK  [0m] Set up automount Arbitrary Executab…rmats File System Automount Point.
[    8.833406] systemd[1]: Created slice System Slice.
[[0;32m  OK  [0m] Created slice System Slice.
[[0;32m  OK  [0m] Listening on Journal Socket.
[[0;32m  OK  [0m] Created slice system-serial\x2dgetty.slice.
         Mounting POSIX Message Queue File System...
         Mounting Huge Pages File System...
[[0;32m  OK  [0m] Listening on fsck to fsckd communication Socket.
         Starting Uncomplicated firewall...
         Starting Load Kernel Modules...
[[0;32m  OK  [0m] Listening on udev Kernel Socket.
[[0;32m  OK  [0m] Listening on Syslog Socket.
[[0;32m  OK  [0m] Listening on udev Control Socket.
         Starting udev Coldplug all Devices...
[[0;32m  OK  [0m] Listening on Journal Audit Socket.
[[0;32m  OK  [0m] Listening on Journal Socket (/dev/log).
         Starting Journal Service...
         Mounting Kernel Debug File System...
[[0;32m  OK  [0m] Listening on LVM2 poll daemon socket.
[[0;32m  OK  [0m] Listening on Device-mapper event daemon FIFOs.
[[0;32m  OK  [0m] Listening on /dev/initctl Compatibility Named Pipe.
[[0;32m  OK  [0m] Reached target Slices.
[[0;32m  OK  [0m] Listening on Network Service Netlink Socket.
[[0;32m  OK  [0m] Reached target Swap.
[[0;32m  OK  [0m] Listening on LVM2 metadata daemon socket.
         Starting Monitoring of LVM2 mirrors…ng dmeventd or progress polling...
         Starting Create list of required st…ce nodes for the current kernel...
[[0;32m  OK  [0m] Reached target System Time Synchronized.
[[0;32m  OK  [0m] Reached target User and Group Name Lookups.
         Starting Set the console keyboard layout...
         Starting File System Check on Root Device...
[[0;32m  OK  [0m] Mounted POSIX Message Queue File System.
[[0;32m  OK  [0m] Mounted Huge Pages File System.
[[0;32m  OK  [0m] Started Uncomplicated firewall.
[[0;32m  OK  [0m] Mounted Kernel Debug File System.
[[0;32m  OK  [0m] Started Journal Service.
[    8.999046] Loading iSCSI transport class v2.0-870.
[[0;32m  OK  [0m] Started Create list of required sta…vice nodes for the current kernel.
[[0;32m  OK  [0m] Started udev Coldplug all Devices.
         Starting Create Static Device Nodes in /dev...
[[0;32m  OK  [0m] Started File System Check Daemon to report status.
[[0;32m  OK  [0m] Started File System Check on Root Device.
         Starting Remount Root and Kernel File Systems...
[    9.277807] iscsi: registered transport (tcp)
[    9.539877] iscsi: registered transport (iser)
[[0;32m  OK  [0m] Started Load Kernel Modules.
         Mounting Kernel Configuration File System...
         Starting Apply Kernel Variables...
         Mounting FUSE Control File System...[    9.554194] EXT4-fs (sda1): re-mounted. Opts: (null)

[[0;32m  OK  [0m] Mounted FUSE Control File System.
[[0;32m  OK  [0m] Started Remount Root and Kernel File Systems.
[[0;32m  OK  [0m] Mounted Kernel Configuration File System.
         Starting Flush Journal to Persistent Storage...
         Starting Load/Save Random Seed...
[[0;32m  OK  [0m] Started Create Static Device Nodes in /dev.
         Starting udev Kernel Device Manager...
[[0;32m  OK  [0m] Started Load/Save Random Seed.
[[0;32m  OK  [0m] Started Apply Kernel Variables.
[[0;32m  OK  [0m] Started Set the console keyboard layout.
[[0;32m  OK  [0m] Started LVM2 metadata daemon.
[[0;32m  OK  [0m] Started udev Kernel Device Manager.
[[0;32m  OK  [0m] Started Dispatch Password Requests to Console Directory Watch.
[[0;32m  OK  [0m] Reached target Local Encrypted Volumes.
[[0;32m  OK  [0m] Started Flush Journal to Persistent Storage.
[[0;32m  OK  [0m] Started Monitoring of LVM2 mirrors,…sing dmeventd or progress polling.
[[0;32m  OK  [0m] Reached target Local File Systems (Pre).
[[0;32m  OK  [0m] Reached target Local File Systems.
         Starting ebtables ruleset management...
         Starting AppArmor initialization...
         Starting Set console font and keymap...
         Starting Tell Plymouth To Write Out Runtime Data...
         Starting Commit a transient machine-id on disk...
         Starting Create Volatile Files and Directories...
[[0;32m  OK  [0m] Started Set console font and keymap.
[[0;32m  OK  [0m] Started Tell Plymouth To Write Out Runtime Data.
[[0;32m  OK  [0m] Started Create Volatile Files and Directories.
         Starting Update UTMP about System Boot/Shutdown...
[[0;32m  OK  [0m] Started Update UTMP about System Boot/Shutdown.
[[0;32m  OK  [0m] Started Commit a transient machine-id on disk.
[[0;32m  OK  [0m] Started ebtables ruleset management.
[[0;32m  OK  [0m] Found device /dev/ttyS0.
[[0;32m  OK  [0m] Listening on Load/Save RF Kill Switch Status /dev/rfkill Watch.
[[0;32m  OK  [0m] Started AppArmor initialization.
         Starting Initial cloud-init job (pre-networking)...
         Starting Load AppArmor profiles managed internally by snapd...
[[0;32m  OK  [0m] Started Load AppArmor profiles managed internally by snapd.
[   16.948466] cloud-init[563]: Cloud-init v. 22.1-14-g2e17a0d6-0ubuntu1~18.04.3 running 'init-local' at Tue, 29 Mar 2022 21:07:39 +0000. Up 15.71 seconds.
[[0;32m  OK  [0m] Started Initial cloud-init job (pre-networking).
[[0;32m  OK  [0m] Reached target Network (Pre).
         Starting Network Service...
[[0;32m  OK  [0m] Started Network Service.
         Starting Network Name Resolution...
         Starting Wait for Network to be Configured...
[[0;32m  OK  [0m] Started Network Name Resolution.
[[0;32m  OK  [0m] Reached target Host and Network Name Lookups.
[[0;32m  OK  [0m] Reached target Network.
[[0;32m  OK  [0m] Started Wait for Network to be Configured.
         Starting Initial cloud-init job (metadata service crawler)...
[   20.341492] cloud-init[710]: Cloud-init v. 22.1-14-g2e17a0d6-0ubuntu1~18.04.3 running 'init' at Tue, 29 Mar 2022 21:07:44 +0000. Up 19.80 seconds.
[   20.344099] cloud-init[710]: ci-info: ++++++++++++++++++++++++++++++++++++++Net device info++++++++++++++++++++++++++++++++++++++
[   20.346306] cloud-init[710]: ci-info: +--------+------+----------------------------+---------------+--------+-------------------+
[   20.349622] cloud-init[710]: ci-info: | Device |  Up  |          Address           |      Mask     | Scope  |     Hw-Address    |
[   20.351862] cloud-init[710]: ci-info: +--------+------+----------------------------+---------------+--------+-------------------+
[   20.353757] cloud-init[710]: ci-info: | enp0s3 | True |         10.0.2.15          | 255.255.255.0 | global | 02:27:94:89:a7:22 |
[   20.356671] cloud-init[710]: ci-info: | enp0s3 | True | fe80::27:94ff:fe89:a722/64 |       .       |  link  | 02:27:94:89:a7:22 |
[   20.358804] cloud-init[710]: ci-info: |   lo   | True |         127.0.0.1          |   255.0.0.0   |  host  |         .         |
[   20.360850] cloud-init[710]: ci-info: |   lo   | True |          ::1/128           |       .       |  host  |         .         |
[   20.372400] cloud-init[710]: ci-info: +--------+------+----------------------------+---------------+--------+-------------------+
[   20.375482] cloud-init[710]: ci-info: ++++++++++++++++++++++++++++Route IPv4 info+++++++++++++++++++++++++++++
[   20.377123] cloud-init[710]: ci-info: +-------+-------------+----------+-----------------+-----------+-------+
[   20.378546] cloud-init[710]: ci-info: | Route | Destination | Gateway  |     Genmask     | Interface | Flags |
[   20.380134] cloud-init[710]: ci-info: +-------+-------------+----------+-----------------+-----------+-------+
[   20.381640] cloud-init[710]: ci-info: |   0   |   0.0.0.0   | 10.0.2.2 |     0.0.0.0     |   enp0s3  |   UG  |
[   20.384345] cloud-init[710]: ci-info: |   1   |   10.0.2.0  | 0.0.0.0  |  255.255.255.0  |   enp0s3  |   U   |
[   20.396354] cloud-init[710]: ci-info: |   2   |   10.0.2.2  | 0.0.0.0  | 255.255.255.255 |   enp0s3  |   UH  |
[   20.398244] cloud-init[710]: ci-info: +-------+-------------+----------+-----------------+-----------+-------+
[   20.399721] cloud-init[710]: ci-info: +++++++++++++++++++Route IPv6 info+++++++++++++++++++
[   20.401450] cloud-init[710]: ci-info: +-------+-------------+---------+-----------+-------+
[   20.402904] cloud-init[710]: ci-info: | Route | Destination | Gateway | Interface | Flags |
[   20.404311] cloud-init[710]: ci-info: +-------+-------------+---------+-----------+-------+
[   20.405872] cloud-init[710]: ci-info: |   1   |  fe80::/64  |    ::   |   enp0s3  |   U   |
[   20.407280] cloud-init[710]: ci-info: |   3   |    local    |    ::   |   enp0s3  |   U   |
[   20.420277] cloud-init[710]: ci-info: |   4   |   ff00::/8  |    ::   |   enp0s3  |   U   |
[   20.422339] cloud-init[710]: ci-info: +-------+-------------+---------+-----------+-------+
[   22.224548] cloud-init[710]: Generating public/private rsa key pair.
[   22.226161] cloud-init[710]: Your identification has been saved in /etc/ssh/ssh_host_rsa_key.
[   22.227985] cloud-init[710]: Your public key has been saved in /etc/ssh/ssh_host_rsa_key.pub.
[   22.240246] cloud-init[710]: The key fingerprint is:
[   22.241230] cloud-init[710]: SHA256:OlaYdauNjg1LZh3+YoFR/ViWpymq0eYisRnCNBxLdyY root@ubuntu-bionic
[   22.256220] cloud-init[710]: The key's randomart image is:
[   22.257222] cloud-init[710]: +---[RSA 2048]----+
[   22.258092] cloud-init[710]: |         .   .   |
[   22.258952] cloud-init[710]: |  o E o . . + .  |
[   22.268212] cloud-init[710]: | o + + .. .= +   |
[   22.269086] cloud-init[710]: |  =   .+ .o.+    |
[   22.270026] cloud-init[710]: | o .  o+S...     |
[   22.270896] cloud-init[710]: |  o o o===       |
[   22.272061] cloud-init[710]: |   . =O==..      |
[   22.272923] cloud-init[710]: |    +=oB+.       |
[   22.273798] cloud-init[710]: |     .ooo..      |
[   22.274694] cloud-init[710]: +----[SHA256]-----+
[   22.275575] cloud-init[710]: Generating public/private dsa key pair.
[   22.276742] cloud-init[710]: Your identification has been saved in /etc/ssh/ssh_host_dsa_key.
[   22.278266] cloud-init[710]: Your public key has been saved in /etc/ssh/ssh_host_dsa_key.pub.
[   22.279772] cloud-init[710]: The key fingerprint is:
[   22.280719] cloud-init[710]: SHA256:pOpFkzUwKSaXycUsPNCvCgtSItEn2HwUVhMLXlENI04 root@ubuntu-bionic
[   22.282309] cloud-init[710]: The key's randomart image is:
[   22.283436] cloud-init[710]: +---[DSA 1024]----+
[   22.284464] cloud-init[710]: | =.*=OE=+o       |
[   22.285315] cloud-init[710]: |o *o#=+* ..      |
[   22.286314] cloud-init[710]: | . B.=o +        |
[   22.287236] cloud-init[710]: |o .   .= .       |
[   22.288231] cloud-init[710]: |.o   .= S        |
[   22.289171] cloud-init[710]: |+   .o .         |
[   22.290113] cloud-init[710]: |oo .. .          |
[   22.290953] cloud-init[710]: |. .. .           |
[   22.291839] cloud-init[710]: |    .            |
[   22.292796] cloud-init[710]: +----[SHA256]-----+
[   22.293720] cloud-init[710]: Generating public/private ecdsa key pair.
[   22.294928] cloud-init[710]: Your identification has been saved in /etc/ssh/ssh_host_ecdsa_key.
[   22.296491] cloud-init[710]: Your public key has been saved in /etc/ssh/ssh_host_ecdsa_key.pub.
[   22.298010] cloud-init[710]: The key fingerprint is:
[   22.298919] cloud-init[710]: SHA256:M2KEGDs+DFE2pQ8xKjoLzXDZhK+CV0SLJ8DdvDUEhP8 root@ubuntu-bionic
[   22.300813] cloud-init[710]: The key's randomart image is:
[   22.301841] cloud-init[710]: +---[ECDSA 256]---+
[   22.302677] cloud-init[710]: |+.O+Ooo.         |
[   22.303630] cloud-init[710]: | *./.= o         |
[   22.319387] cloud-init[710]: |= @o* + .        |
[   22.320695] cloud-init[710]: |oO *o+           |
[   22.321616] cloud-init[710]: |= *o. + S        |
[   22.322510] cloud-init[710]: |+oo. . E o       |
[   22.323433] cloud-init[710]: |.o               |
[   22.324372] cloud-init[710]: |                 |
[   22.325241] cloud-init[710]: |                 |
[   22.326379] cloud-init[710]: +----[SHA256]-----+
[   22.327237] cloud-init[710]: Generating public/private ed25519 key pair.
[   22.328429] cloud-init[710]: Your identification has been saved in /etc/ssh/ssh_host_ed25519_key.
[   22.330013] cloud-init[710]: Your public key has been saved in /etc/ssh/ssh_host_ed25519_key.pub.
[   22.331621] cloud-init[710]: The key fingerprint is:
[   22.332624] cloud-init[710]: SHA256:VLAhArIn46wskPPxrVRX7IgF50O0XBbiqjtW4BHqkWM root@ubuntu-bionic
[   22.344191] cloud-init[710]: The key's randomart image is:
[   22.345230] cloud-init[710]: +--[ED25519 256]--+
[   22.346168] cloud-init[710]: |. ... o.B.=.     |
[   22.347166] cloud-init[710]: | o  .. O X       |
[   22.348191] cloud-init[710]: |+ .o .  X o      |
[   22.349179] cloud-init[710]: |o=E o  = =       |
[   22.350105] cloud-init[710]: |+=.+ o+ S .      |
[   22.351767] cloud-init[710]: |+o.o.+..         |
[   22.353771] cloud-init[710]: |o.. +..          |
[   22.354648] cloud-init[710]: |.  .oo           |
[   22.355608] cloud-init[710]: |   .o.           |
[   22.356512] cloud-init[710]: +----[SHA256]-----+
[[0;32m  OK  [0m] Started Initial cloud-init job (metadata service crawler).
[[0;32m  OK  [0m] Reached target Network is Online.
         Starting Availability of block devices...
[[0;32m  OK  [0m] Reached target Remote File Systems (Pre).
[[0;32m  OK  [0m] Reached target Remote File Systems.
[[0;32m  OK  [0m] Reached target System Initialization.
[[0;32m  OK  [0m] Started ACPI Events Check.
[[0;32m  OK  [0m] Started Daily apt download activities.
[[0;32m  OK  [0m] Started Daily apt upgrade and clean activities.
[[0;32m  OK  [0m] Listening on Open-iSCSI iscsid Socket.
[[0;32m  OK  [0m] Started Message of the Day.
[[0;32m  OK  [0m] Listening on UUID daemon activation socket.
         Starting Socket activation for snappy daemon.
[[0;32m  OK  [0m] Started Ubuntu Advantage Timer for running repeated jobs.
[[0;32m  OK  [0m] Started Discard unused blocks once a week.
         Starting LXD - unix socket.
[[0;32m  OK  [0m] Listening on cloud-init hotplug hook socket.
[[0;32m  OK  [0m] Started Daily Cleanup of Temporary Directories.
[[0;32m  OK  [0m] Reached target Timers.
[[0;32m  OK  [0m] Listening on ACPID Listen Socket.
[[0;32m  OK  [0m] Started Trigger to poll for Ubuntu …(Only enabled on GCP LTS non-pro).
[[0;32m  OK  [0m] Reached target Paths.
[[0;32m  OK  [0m] Listening on D-Bus System Message Bus Socket.
[[0;32m  OK  [0m] Reached target Cloud-config availability.
[[0;32m  OK  [0m] Started Availability of block devices.
[[0;32m  OK  [0m] Listening on Socket activation for snappy daemon.
[[0;32m  OK  [0m] Listening on LXD - unix socket.
[[0;32m  OK  [0m] Reached target Sockets.
[[0;32m  OK  [0m] Reached target Basic System.
         Starting Pollinate to seed the pseudo random number generator...
         Starting Login Service...
[[0;32m  OK  [0m] Started Deferred execution scheduler.
         Starting Accounts Service...
         Starting System Logging Service...
[[0;32m  OK  [0m] Started D-Bus System Message Bus.
[[0;32m  OK  [0m] Started Regular background program processing daemon.
[[0;32m  OK  [0m] Started FUSE filesystem for LXC.
         Starting Dispatcher daemon for systemd-networkd...
         Starting LSB: Record successful boot for GRUB...
         Starting Virtualbox guest utils...
         Starting Permit User Sessions...
         Starting LSB: automatic crash report generation...
         Starting LXD - container startup/shutdown...
[[0;32m  OK  [0m] Started irqbalance daemon.
         Starting Snap Daemon...
[[0;32m  OK  [0m] Started System Logging Service.
[[0;32m  OK  [0m] Started Permit User Sessions.
[[0;32m  OK  [0m] Started Login Service.
         Starting Authorization Manager...
[[0;32m  OK  [0m] Started Unattended Upgrades Shutdown.
         Starting Terminate Plymouth Boot Screen...
         Starting Hold until boot process finishes up...
[[0;32m  OK  [0m] Started Hold until boot process finishes up.
[[0;32m  OK  [0m] Started Terminate Plymouth Boot Screen.
         Starting Set console scheme...
[[0;32m  OK  [0m] Started Serial Getty on ttyS0.
[[0;32m  OK  [0m] Started LSB: automatic crash report generation.
[[0;32m  OK  [0m] Started Set console scheme.
[[0;32m  OK  [0m] Created slice system-getty.slice.
[[0;32m  OK  [0m] Started Getty on tty1.
[[0;32m  OK  [0m] Reached target Login Prompts.
[[0;32m  OK  [0m] Started LSB: Record successful boot for GRUB.
[[0;32m  OK  [0m] Started Authorization Manager.
[[0;32m  OK  [0m] Started Accounts Service.
[[0;32m  OK  [0m] Started Virtualbox guest utils.
[[0;32m  OK  [0m] Started Dispatcher daemon for systemd-networkd.
[[0;32m  OK  [0m] Started LXD - container startup/shutdown.
[[0;32m  OK  [0m] Started Snap Daemon.
         Starting Wait until snapd is fully seeded...
         Starting Time & Date Service...
[[0;32m  OK  [0m] Started Time & Date Service.
[[0;32m  OK  [0m] Started Pollinate to seed the pseudo random number generator.
         Starting OpenBSD Secure Shell server...
[[0;32m  OK  [0m] Started OpenBSD Secure Shell server.
[[0;32m  OK  [0m] Created slice User Slice of vagrant.
         Starting User Manager for UID 1000...
[[0;32m  OK  [0m] Started Session 1 of user vagrant.
[[0;32m  OK  [0m] Started Wait until snapd is fully seeded.
         Starting Apply the settings specified in cloud-config...
[[0;32m  OK  [0m] Reached target Multi-User System.
[[0;32m  OK  [0m] Reached target Graphical Interface.
         Starting Update UTMP about System Runlevel Changes...
[[0;32m  OK  [0m] Started Update UTMP about System Runlevel Changes.
[[0;32m  OK  [0m] Started User Manager for UID 1000.

Ubuntu 18.04.6 LTS ubuntu-bionic ttyS0

ubuntu-bionic login: [   30.925666] cloud-init[1331]: Cloud-init v. 22.1-14-g2e17a0d6-0ubuntu1~18.04.3 running 'modules:config' at Tue, 29 Mar 2022 21:07:53 +0000. Up 29.11 seconds.
ci-info: no authorized SSH keys fingerprints found for user ubuntu.
<14>Mar 29 21:07:56 cloud-init: #############################################################
<14>Mar 29 21:07:56 cloud-init: -----BEGIN SSH HOST KEY FINGERPRINTS-----
<14>Mar 29 21:07:56 cloud-init: 1024 SHA256:pOpFkzUwKSaXycUsPNCvCgtSItEn2HwUVhMLXlENI04 root@ubuntu-bionic (DSA)
<14>Mar 29 21:07:56 cloud-init: 256 SHA256:M2KEGDs+DFE2pQ8xKjoLzXDZhK+CV0SLJ8DdvDUEhP8 root@ubuntu-bionic (ECDSA)
<14>Mar 29 21:07:56 cloud-init: 256 SHA256:VLAhArIn46wskPPxrVRX7IgF50O0XBbiqjtW4BHqkWM root@ubuntu-bionic (ED25519)
<14>Mar 29 21:07:56 cloud-init: 2048 SHA256:OlaYdauNjg1LZh3+YoFR/ViWpymq0eYisRnCNBxLdyY root@ubuntu-bionic (RSA)
<14>Mar 29 21:07:56 cloud-init: -----END SSH HOST KEY FINGERPRINTS-----
<14>Mar 29 21:07:56 cloud-init: #############################################################
-----BEGIN SSH HOST KEY KEYS-----
ecdsa-sha2-nistp256 AAAAE2VjZHNhLXNoYTItbmlzdHAyNTYAAAAIbmlzdHAyNTYAAABBBAgXv5tyL6m3/i7uxA3LqTukpUXwdPtUlFEBtKocUiutdzKo1C2WBE8KxldUsoJx2ZoVXctZYvrKJx7WsX/eUoU= root@ubuntu-bionic
ssh-ed25519 AAAAC3NzaC1lZDI1NTE5AAAAIHIxtYXiiG1dmwLODDzgakWIw5iLyZGS7lHs1X61sopg root@ubuntu-bionic
ssh-rsa AAAAB3NzaC1yc2EAAAADAQABAAABAQDHYPUjfC7dcmhiH6ftrjLWD3c5hMLwUPS9F5CgBQ9T9M+UtHwijgasHORC2FWoKsa4vHEU1nO6r6kKNEKrNCizgPM5+OFKyXVUswdNS0J1FOTSFXraMzxYeroyTq5+RlzktsNwvFzaEFre90/9Pus7MR4UvUN6Bqw4ynCmzvfyA2gs0uNU7ehvg2aFgnKduNt/tyZt+KwebAi3V3WDCHKvIgJ6eRn1aksYNG7uKGgNZmRFoL6w1uUcMDyR4TpVQ0jFsddFc8aHeEzZSmyi1vLoZ54K05USfHDW/Codc3vGQYI0pLvbIhrZnYRMa50RlnsE+dPq+Gn3dR3gOYRbZ7Yb root@ubuntu-bionic
-----END SSH HOST KEY KEYS-----
[   32.215722] cloud-init[1448]: Cloud-init v. 22.1-14-g2e17a0d6-0ubuntu1~18.04.3 running 'modules:final' at Tue, 29 Mar 2022 21:07:56 +0000. Up 31.82 seconds.
[   32.215969] cloud-init[1448]: Cloud-init v. 22.1-14-g2e17a0d6-0ubuntu1~18.04.3 finished at Tue, 29 Mar 2022 21:07:56 +0000. Datasource DataSourceNoCloud [seed=/dev/sdb][dsmode=net].  Up 32.19 seconds
